Arguments: 
  C:\Program Files\nodejs\node.exe C:\Program Files (x86)\Yarn\bin\yarn.js init

PATH: 
  C:\WINDOWS\system32;C:\WINDOWS;C:\WINDOWS\System32\Wbem;C:\WINDOWS\System32\WindowsPowerShell\v1.0\;C:\WINDOWS\System32\OpenSSH\;C:\Program Files (x86)\Yarn\bin\;C:\Program Files (x86)\Git\cmd;C:\src\flutter\bin;C:\xampp\php;C:\composer;C:\Program Files\dotnet\;C:\Program Files\nodejs\;C:\Program Files\MySQL\MySQL Shell 8.0\bin\;C:\Users\alifa\AppData\Local\Microsoft\WindowsApps;C:\Users\alifa\AppData\Local\atom\bin;C:\Users\alifa\Downloads\nodejs\;C:\Users\alifa\Downloads;C:\Users\alifa\AppData\Local\Programs\Microsoft VS Code\bin;C:\Users\alifa\AppData\Local\Yarn\bin;C:\src\flutter\bin;C:\Program Files\heroku\bin;C:\Users\alifa\AppData\Roaming\Composer\vendor\bin;C:\xampp\mysql\bin;;C:\Users\alifa\AppData\Local\Microsoft\WindowsApps;C:\Users\alifa\AppData\Roaming\npm

Yarn version: 
  1.21.1

Node version: 
  18.16.1

Platform: 
  win32 x64

Trace: 
  Error: canceled
      at Interface.<anonymous> (C:\Program Files (x86)\Yarn\lib\cli.js:136925:13)
      at Interface.emit (node:events:513:28)
      at [_ttyWrite] [as _ttyWrite] (node:internal/readline/interface:1131:18)
      at ReadStream.onkeypress (node:internal/readline/interface:270:20)
      at ReadStream.emit (node:events:513:28)
      at emitKeys (node:internal/readline/utils:357:14)
      at emitKeys.next (<anonymous>)
      at ReadStream.onData (node:internal/readline/emitKeypressEvents:64:36)
      at ReadStream.emit (node:events:513:28)
      at addChunk (node:internal/streams/readable:324:12)

npm manifest: 
  No manifest

yarn manifest: 
  No manifest

Lockfile: 
  No lockfile
